22-09 23:59:21 root                         main() INFO     Started MAIN
22-09 23:59:24 __main__                     main() INFO     DO:DataFrame in file: 48/113/2000-2016/42401.csv will be modified
22-09 23:59:24 root          clean_datetime_site() INFO     Creating new DataFrame with only site, date filters and repeating the value
22-09 23:59:39 root              calc_daily_mean() INFO     Calculating daily mean and index by date
22-09 23:59:41 root                separate_site() INFO     Separating the sites into new columns
22-09 23:59:41 root              reindex_by_date() INFO     Reindexing by full date range
22-09 23:59:41 root                   calc_stats() INFO     Calculating statistcs about the columns
22-09 23:59:41 root                write_new_csv() INFO     Saving file into new folder
22-09 23:59:41 __main__                     main() INFO     DONE:DataFrame in file: 48/113/2000-2016/42401.csv was modified
22-09 23:59:48 __main__                     main() INFO     DO:DataFrame in file: 48/113/2000-2016/42603.csv will be modified
22-09 23:59:48 root          clean_datetime_site() INFO     Creating new DataFrame with only site, date filters and repeating the value
23-09 00:00:37 root              calc_daily_mean() INFO     Calculating daily mean and index by date
23-09 00:00:43 root                separate_site() INFO     Separating the sites into new columns
23-09 00:00:43 root              reindex_by_date() INFO     Reindexing by full date range
23-09 00:00:43 root                   calc_stats() INFO     Calculating statistcs about the columns
23-09 00:00:43 root                write_new_csv() INFO     Saving file into new folder
23-09 00:00:43 __main__                     main() INFO     DONE:DataFrame in file: 48/113/2000-2016/42603.csv was modified
23-09 00:00:45 __main__                     main() INFO     DO:DataFrame in file: 48/113/2000-2016/43205.csv will be modified
23-09 00:00:45 root          clean_datetime_site() INFO     Creating new DataFrame with only site, date filters and repeating the value
23-09 00:00:58 root              calc_daily_mean() INFO     Calculating daily mean and index by date
23-09 00:01:00 root                separate_site() INFO     Separating the sites into new columns
23-09 00:01:00 root              reindex_by_date() INFO     Reindexing by full date range
23-09 00:01:00 root                   calc_stats() INFO     Calculating statistcs about the columns
23-09 00:01:00 root                write_new_csv() INFO     Saving file into new folder
23-09 00:01:00 __main__                     main() INFO     DONE:DataFrame in file: 48/113/2000-2016/43205.csv was modified
23-09 00:01:01 __main__                     main() INFO     DO:DataFrame in file: 48/113/2000-2016/43206.csv will be modified
23-09 00:01:01 root          clean_datetime_site() INFO     Creating new DataFrame with only site, date filters and repeating the value
23-09 00:01:11 root              calc_daily_mean() INFO     Calculating daily mean and index by date
23-09 00:01:12 root                separate_site() INFO     Separating the sites into new columns
23-09 00:01:12 root              reindex_by_date() INFO     Reindexing by full date range
23-09 00:01:12 root                   calc_stats() INFO     Calculating statistcs about the columns
23-09 00:01:12 root                write_new_csv() INFO     Saving file into new folder
23-09 00:01:12 __main__                     main() INFO     DONE:DataFrame in file: 48/113/2000-2016/43206.csv was modified
23-09 00:01:14 __main__                     main() INFO     DO:DataFrame in file: 48/113/2000-2016/43218.csv will be modified
23-09 00:01:14 root          clean_datetime_site() INFO     Creating new DataFrame with only site, date filters and repeating the value
23-09 00:01:27 root              calc_daily_mean() INFO     Calculating daily mean and index by date
23-09 00:01:29 root                separate_site() INFO     Separating the sites into new columns
23-09 00:01:29 root              reindex_by_date() INFO     Reindexing by full date range
23-09 00:01:29 root                   calc_stats() INFO     Calculating statistcs about the columns
23-09 00:01:29 root                write_new_csv() INFO     Saving file into new folder
23-09 00:01:29 __main__                     main() INFO     DONE:DataFrame in file: 48/113/2000-2016/43218.csv was modified
23-09 00:01:31 __main__                     main() INFO     DO:DataFrame in file: 48/113/2000-2016/43233.csv will be modified
23-09 00:01:31 root          clean_datetime_site() INFO     Creating new DataFrame with only site, date filters and repeating the value
23-09 00:01:46 root              calc_daily_mean() INFO     Calculating daily mean and index by date
23-09 00:01:48 root                separate_site() INFO     Separating the sites into new columns
23-09 00:01:48 root              reindex_by_date() INFO     Reindexing by full date range
23-09 00:01:48 root                   calc_stats() INFO     Calculating statistcs about the columns
23-09 00:01:48 root                write_new_csv() INFO     Saving file into new folder
23-09 00:01:48 __main__                     main() INFO     DONE:DataFrame in file: 48/113/2000-2016/43233.csv was modified
23-09 00:01:48 __main__                     main() INFO     DO:DataFrame in file: 48/113/2000-2016/43801.csv will be modified
23-09 00:01:48 root          clean_datetime_site() INFO     Creating new DataFrame with only site, date filters and repeating the value
23-09 00:01:48 root              calc_daily_mean() INFO     Calculating daily mean and index by date
23-09 00:01:49 root                separate_site() INFO     Separating the sites into new columns
23-09 00:01:49 root              reindex_by_date() INFO     Reindexing by full date range
23-09 00:01:49 root                   calc_stats() INFO     Calculating statistcs about the columns
23-09 00:01:49 root                write_new_csv() INFO     Saving file into new folder
23-09 00:01:49 __main__                     main() INFO     DONE:DataFrame in file: 48/113/2000-2016/43801.csv was modified
23-09 00:01:49 __main__                     main() INFO     DO:DataFrame in file: 48/113/2000-2016/43802.csv will be modified
23-09 00:01:49 root          clean_datetime_site() INFO     Creating new DataFrame with only site, date filters and repeating the value
23-09 00:01:49 root              calc_daily_mean() INFO     Calculating daily mean and index by date
23-09 00:01:49 root                separate_site() INFO     Separating the sites into new columns
23-09 00:01:49 root              reindex_by_date() INFO     Reindexing by full date range
23-09 00:01:49 root                   calc_stats() INFO     Calculating statistcs about the columns
23-09 00:01:49 root                write_new_csv() INFO     Saving file into new folder
23-09 00:01:49 __main__                     main() INFO     DONE:DataFrame in file: 48/113/2000-2016/43802.csv was modified
23-09 00:01:49 __main__                     main() INFO     DO:DataFrame in file: 48/113/2000-2016/43803.csv will be modified
23-09 00:01:49 root          clean_datetime_site() INFO     Creating new DataFrame with only site, date filters and repeating the value
23-09 00:01:50 root              calc_daily_mean() INFO     Calculating daily mean and index by date
23-09 00:01:50 root                separate_site() INFO     Separating the sites into new columns
23-09 00:01:50 root              reindex_by_date() INFO     Reindexing by full date range
23-09 00:01:50 root                   calc_stats() INFO     Calculating statistcs about the columns
23-09 00:01:50 root                write_new_csv() INFO     Saving file into new folder
23-09 00:01:50 __main__                     main() INFO     DONE:DataFrame in file: 48/113/2000-2016/43803.csv was modified
23-09 00:01:50 __main__                     main() INFO     DO:DataFrame in file: 48/113/2000-2016/43804.csv will be modified
23-09 00:01:50 root          clean_datetime_site() INFO     Creating new DataFrame with only site, date filters and repeating the value
23-09 00:01:51 root              calc_daily_mean() INFO     Calculating daily mean and index by date
23-09 00:01:51 root                separate_site() INFO     Separating the sites into new columns
23-09 00:01:51 root              reindex_by_date() INFO     Reindexing by full date range
23-09 00:01:51 root                   calc_stats() INFO     Calculating statistcs about the columns
23-09 00:01:51 root                write_new_csv() INFO     Saving file into new folder
23-09 00:01:51 __main__                     main() INFO     DONE:DataFrame in file: 48/113/2000-2016/43804.csv was modified
23-09 00:01:51 __main__                     main() INFO     DO:DataFrame in file: 48/113/2000-2016/43811.csv will be modified
23-09 00:01:51 root          clean_datetime_site() INFO     Creating new DataFrame with only site, date filters and repeating the value
23-09 00:01:51 root              calc_daily_mean() INFO     Calculating daily mean and index by date
23-09 00:01:52 root                separate_site() INFO     Separating the sites into new columns
23-09 00:01:52 root              reindex_by_date() INFO     Reindexing by full date range
23-09 00:01:52 root                   calc_stats() INFO     Calculating statistcs about the columns
23-09 00:01:52 root                write_new_csv() INFO     Saving file into new folder
23-09 00:01:52 __main__                     main() INFO     DONE:DataFrame in file: 48/113/2000-2016/43811.csv was modified
23-09 00:01:52 __main__                     main() INFO     DO:DataFrame in file: 48/113/2000-2016/43813.csv will be modified
23-09 00:01:52 root          clean_datetime_site() INFO     Creating new DataFrame with only site, date filters and repeating the value
23-09 00:01:52 root              calc_daily_mean() INFO     Calculating daily mean and index by date
23-09 00:01:52 root                separate_site() INFO     Separating the sites into new columns
23-09 00:01:52 root              reindex_by_date() INFO     Reindexing by full date range
23-09 00:01:52 root                   calc_stats() INFO     Calculating statistcs about the columns
23-09 00:01:52 root                write_new_csv() INFO     Saving file into new folder
23-09 00:01:53 __main__                     main() INFO     DONE:DataFrame in file: 48/113/2000-2016/43813.csv was modified
23-09 00:01:53 __main__                     main() INFO     DO:DataFrame in file: 48/113/2000-2016/43814.csv will be modified
23-09 00:01:53 root          clean_datetime_site() INFO     Creating new DataFrame with only site, date filters and repeating the value
23-09 00:01:53 root              calc_daily_mean() INFO     Calculating daily mean and index by date
23-09 00:01:53 root                separate_site() INFO     Separating the sites into new columns
23-09 00:01:53 root              reindex_by_date() INFO     Reindexing by full date range
23-09 00:01:53 root                   calc_stats() INFO     Calculating statistcs about the columns
23-09 00:01:53 root                write_new_csv() INFO     Saving file into new folder
23-09 00:01:53 __main__                     main() INFO     DONE:DataFrame in file: 48/113/2000-2016/43814.csv was modified
23-09 00:01:53 __main__                     main() INFO     DO:DataFrame in file: 48/113/2000-2016/43815.csv will be modified
23-09 00:01:53 root          clean_datetime_site() INFO     Creating new DataFrame with only site, date filters and repeating the value
23-09 00:01:53 root              calc_daily_mean() INFO     Calculating daily mean and index by date
23-09 00:01:54 root                separate_site() INFO     Separating the sites into new columns
23-09 00:01:54 root              reindex_by_date() INFO     Reindexing by full date range
23-09 00:01:54 root                   calc_stats() INFO     Calculating statistcs about the columns
23-09 00:01:54 root                write_new_csv() INFO     Saving file into new folder
23-09 00:01:54 __main__                     main() INFO     DONE:DataFrame in file: 48/113/2000-2016/43815.csv was modified
23-09 00:01:54 __main__                     main() INFO     DO:DataFrame in file: 48/113/2000-2016/43817.csv will be modified
23-09 00:01:54 root          clean_datetime_site() INFO     Creating new DataFrame with only site, date filters and repeating the value
23-09 00:01:54 root              calc_daily_mean() INFO     Calculating daily mean and index by date
23-09 00:01:55 root                separate_site() INFO     Separating the sites into new columns
23-09 00:01:55 root              reindex_by_date() INFO     Reindexing by full date range
23-09 00:01:55 root                   calc_stats() INFO     Calculating statistcs about the columns
23-09 00:01:55 root                write_new_csv() INFO     Saving file into new folder
23-09 00:01:55 __main__                     main() INFO     DONE:DataFrame in file: 48/113/2000-2016/43817.csv was modified
23-09 00:01:55 __main__                     main() INFO     DO:DataFrame in file: 48/113/2000-2016/43818.csv will be modified
23-09 00:01:55 root          clean_datetime_site() INFO     Creating new DataFrame with only site, date filters and repeating the value
23-09 00:01:55 root              calc_daily_mean() INFO     Calculating daily mean and index by date
23-09 00:01:55 root                separate_site() INFO     Separating the sites into new columns
23-09 00:01:55 root              reindex_by_date() INFO     Reindexing by full date range
23-09 00:01:55 root                   calc_stats() INFO     Calculating statistcs about the columns
23-09 00:01:55 root                write_new_csv() INFO     Saving file into new folder
23-09 00:01:55 __main__                     main() INFO     DONE:DataFrame in file: 48/113/2000-2016/43818.csv was modified
23-09 00:01:55 __main__                     main() INFO     DO:DataFrame in file: 48/113/2000-2016/43819.csv will be modified
23-09 00:01:55 root          clean_datetime_site() INFO     Creating new DataFrame with only site, date filters and repeating the value
23-09 00:01:56 root              calc_daily_mean() INFO     Calculating daily mean and index by date
23-09 00:01:56 root                separate_site() INFO     Separating the sites into new columns
23-09 00:01:56 root              reindex_by_date() INFO     Reindexing by full date range
23-09 00:01:56 root                   calc_stats() INFO     Calculating statistcs about the columns
23-09 00:01:56 root                write_new_csv() INFO     Saving file into new folder
23-09 00:01:56 __main__                     main() INFO     DONE:DataFrame in file: 48/113/2000-2016/43819.csv was modified
23-09 00:01:56 __main__                     main() INFO     DO:DataFrame in file: 48/113/2000-2016/43820.csv will be modified
23-09 00:01:56 root          clean_datetime_site() INFO     Creating new DataFrame with only site, date filters and repeating the value
23-09 00:01:56 root              calc_daily_mean() INFO     Calculating daily mean and index by date
23-09 00:01:57 root                separate_site() INFO     Separating the sites into new columns
23-09 00:01:57 root              reindex_by_date() INFO     Reindexing by full date range
23-09 00:01:57 root                   calc_stats() INFO     Calculating statistcs about the columns
23-09 00:01:57 root                write_new_csv() INFO     Saving file into new folder
23-09 00:01:57 __main__                     main() INFO     DONE:DataFrame in file: 48/113/2000-2016/43820.csv was modified
23-09 00:01:57 __main__                     main() INFO     DO:DataFrame in file: 48/113/2000-2016/43823.csv will be modified
23-09 00:01:57 root          clean_datetime_site() INFO     Creating new DataFrame with only site, date filters and repeating the value
23-09 00:01:57 root              calc_daily_mean() INFO     Calculating daily mean and index by date
23-09 00:01:57 root                separate_site() INFO     Separating the sites into new columns
23-09 00:01:57 root              reindex_by_date() INFO     Reindexing by full date range
23-09 00:01:57 root                   calc_stats() INFO     Calculating statistcs about the columns
23-09 00:01:57 root                write_new_csv() INFO     Saving file into new folder
23-09 00:01:57 __main__                     main() INFO     DONE:DataFrame in file: 48/113/2000-2016/43823.csv was modified
23-09 00:01:57 __main__                     main() INFO     DO:DataFrame in file: 48/113/2000-2016/43824.csv will be modified
23-09 00:01:57 root          clean_datetime_site() INFO     Creating new DataFrame with only site, date filters and repeating the value
23-09 00:01:58 root              calc_daily_mean() INFO     Calculating daily mean and index by date
23-09 00:01:58 root                separate_site() INFO     Separating the sites into new columns
23-09 00:01:58 root              reindex_by_date() INFO     Reindexing by full date range
23-09 00:01:58 root                   calc_stats() INFO     Calculating statistcs about the columns
23-09 00:01:58 root                write_new_csv() INFO     Saving file into new folder
23-09 00:01:58 __main__                     main() INFO     DONE:DataFrame in file: 48/113/2000-2016/43824.csv was modified
23-09 00:01:58 __main__                     main() INFO     DO:DataFrame in file: 48/113/2000-2016/43826.csv will be modified
23-09 00:01:58 root          clean_datetime_site() INFO     Creating new DataFrame with only site, date filters and repeating the value
23-09 00:01:58 root              calc_daily_mean() INFO     Calculating daily mean and index by date
23-09 00:01:59 root                separate_site() INFO     Separating the sites into new columns
23-09 00:01:59 root              reindex_by_date() INFO     Reindexing by full date range
23-09 00:01:59 root                   calc_stats() INFO     Calculating statistcs about the columns
23-09 00:01:59 root                write_new_csv() INFO     Saving file into new folder
23-09 00:01:59 __main__                     main() INFO     DONE:DataFrame in file: 48/113/2000-2016/43826.csv was modified
23-09 00:01:59 __main__                     main() INFO     DO:DataFrame in file: 48/113/2000-2016/43829.csv will be modified
23-09 00:01:59 root          clean_datetime_site() INFO     Creating new DataFrame with only site, date filters and repeating the value
23-09 00:01:59 root              calc_daily_mean() INFO     Calculating daily mean and index by date
23-09 00:02:00 root                separate_site() INFO     Separating the sites into new columns
23-09 00:02:00 root              reindex_by_date() INFO     Reindexing by full date range
23-09 00:02:00 root                   calc_stats() INFO     Calculating statistcs about the columns
23-09 00:02:00 root                write_new_csv() INFO     Saving file into new folder
23-09 00:02:00 __main__                     main() INFO     DONE:DataFrame in file: 48/113/2000-2016/43829.csv was modified
23-09 00:02:00 __main__                     main() INFO     DO:DataFrame in file: 48/113/2000-2016/43830.csv will be modified
23-09 00:02:00 root          clean_datetime_site() INFO     Creating new DataFrame with only site, date filters and repeating the value
23-09 00:02:00 root              calc_daily_mean() INFO     Calculating daily mean and index by date
23-09 00:02:00 root                separate_site() INFO     Separating the sites into new columns
23-09 00:02:00 root              reindex_by_date() INFO     Reindexing by full date range
23-09 00:02:00 root                   calc_stats() INFO     Calculating statistcs about the columns
23-09 00:02:00 root                write_new_csv() INFO     Saving file into new folder
23-09 00:02:00 __main__                     main() INFO     DONE:DataFrame in file: 48/113/2000-2016/43830.csv was modified
23-09 00:02:00 __main__                     main() INFO     DO:DataFrame in file: 48/113/2000-2016/43831.csv will be modified
23-09 00:02:00 root          clean_datetime_site() INFO     Creating new DataFrame with only site, date filters and repeating the value
23-09 00:02:01 root              calc_daily_mean() INFO     Calculating daily mean and index by date
23-09 00:02:01 root                separate_site() INFO     Separating the sites into new columns
23-09 00:02:01 root              reindex_by_date() INFO     Reindexing by full date range
23-09 00:02:01 root                   calc_stats() INFO     Calculating statistcs about the columns
23-09 00:02:01 root                write_new_csv() INFO     Saving file into new folder
23-09 00:02:01 __main__                     main() INFO     DONE:DataFrame in file: 48/113/2000-2016/43831.csv was modified
23-09 00:02:01 __main__                     main() INFO     DO:DataFrame in file: 48/113/2000-2016/43843.csv will be modified
23-09 00:02:01 root          clean_datetime_site() INFO     Creating new DataFrame with only site, date filters and repeating the value
23-09 00:02:01 root              calc_daily_mean() INFO     Calculating daily mean and index by date
23-09 00:02:02 root                separate_site() INFO     Separating the sites into new columns
23-09 00:02:02 root              reindex_by_date() INFO     Reindexing by full date range
23-09 00:02:02 root                   calc_stats() INFO     Calculating statistcs about the columns
23-09 00:02:02 root                write_new_csv() INFO     Saving file into new folder
23-09 00:02:02 __main__                     main() INFO     DONE:DataFrame in file: 48/113/2000-2016/43843.csv was modified
23-09 00:02:02 __main__                     main() INFO     DO:DataFrame in file: 48/113/2000-2016/43860.csv will be modified
23-09 00:02:02 root          clean_datetime_site() INFO     Creating new DataFrame with only site, date filters and repeating the value
23-09 00:02:02 root              calc_daily_mean() INFO     Calculating daily mean and index by date
23-09 00:02:03 root                separate_site() INFO     Separating the sites into new columns
23-09 00:02:03 root              reindex_by_date() INFO     Reindexing by full date range
23-09 00:02:03 root                   calc_stats() INFO     Calculating statistcs about the columns
23-09 00:02:03 root                write_new_csv() INFO     Saving file into new folder
23-09 00:02:03 __main__                     main() INFO     DONE:DataFrame in file: 48/113/2000-2016/43860.csv was modified
23-09 00:02:11 __main__                     main() INFO     DO:DataFrame in file: 48/113/2000-2016/44201.csv will be modified
23-09 00:02:11 root          clean_datetime_site() INFO     Creating new DataFrame with only site, date filters and repeating the value
23-09 00:03:01 root              calc_daily_mean() INFO     Calculating daily mean and index by date
23-09 00:03:07 root                separate_site() INFO     Separating the sites into new columns
23-09 00:03:07 root              reindex_by_date() INFO     Reindexing by full date range
23-09 00:03:07 root                   calc_stats() INFO     Calculating statistcs about the columns
23-09 00:03:07 root                write_new_csv() INFO     Saving file into new folder
23-09 00:03:07 __main__                     main() INFO     DONE:DataFrame in file: 48/113/2000-2016/44201.csv was modified
23-09 00:03:09 __main__                     main() INFO     DO:DataFrame in file: 48/113/2000-2016/45109.csv will be modified
23-09 00:03:09 root          clean_datetime_site() INFO     Creating new DataFrame with only site, date filters and repeating the value
23-09 00:03:22 root              calc_daily_mean() INFO     Calculating daily mean and index by date
23-09 00:03:24 root                separate_site() INFO     Separating the sites into new columns
23-09 00:03:24 root              reindex_by_date() INFO     Reindexing by full date range
23-09 00:03:24 root                   calc_stats() INFO     Calculating statistcs about the columns
23-09 00:03:24 root                write_new_csv() INFO     Saving file into new folder
23-09 00:03:24 __main__                     main() INFO     DONE:DataFrame in file: 48/113/2000-2016/45109.csv was modified
23-09 00:03:26 __main__                     main() INFO     DO:DataFrame in file: 48/113/2000-2016/45201.csv will be modified
23-09 00:03:26 root          clean_datetime_site() INFO     Creating new DataFrame with only site, date filters and repeating the value
23-09 00:03:44 root              calc_daily_mean() INFO     Calculating daily mean and index by date
23-09 00:03:47 root                separate_site() INFO     Separating the sites into new columns
23-09 00:03:47 root              reindex_by_date() INFO     Reindexing by full date range
23-09 00:03:47 root                   calc_stats() INFO     Calculating statistcs about the columns
23-09 00:03:47 root                write_new_csv() INFO     Saving file into new folder
23-09 00:03:47 __main__                     main() INFO     DONE:DataFrame in file: 48/113/2000-2016/45201.csv was modified
23-09 00:03:49 __main__                     main() INFO     DO:DataFrame in file: 48/113/2000-2016/45202.csv will be modified
23-09 00:03:49 root          clean_datetime_site() INFO     Creating new DataFrame with only site, date filters and repeating the value
23-09 00:04:03 root              calc_daily_mean() INFO     Calculating daily mean and index by date
23-09 00:04:05 root                separate_site() INFO     Separating the sites into new columns
23-09 00:04:05 root              reindex_by_date() INFO     Reindexing by full date range
23-09 00:04:05 root                   calc_stats() INFO     Calculating statistcs about the columns
23-09 00:04:05 root                write_new_csv() INFO     Saving file into new folder
23-09 00:04:05 __main__                     main() INFO     DONE:DataFrame in file: 48/113/2000-2016/45202.csv was modified
23-09 00:04:07 __main__                     main() INFO     DO:DataFrame in file: 48/113/2000-2016/45203.csv will be modified
23-09 00:04:07 root          clean_datetime_site() INFO     Creating new DataFrame with only site, date filters and repeating the value
23-09 00:04:21 root              calc_daily_mean() INFO     Calculating daily mean and index by date
23-09 00:04:23 root                separate_site() INFO     Separating the sites into new columns
23-09 00:04:23 root              reindex_by_date() INFO     Reindexing by full date range
23-09 00:04:23 root                   calc_stats() INFO     Calculating statistcs about the columns
23-09 00:04:23 root                write_new_csv() INFO     Saving file into new folder
23-09 00:04:24 __main__                     main() INFO     DONE:DataFrame in file: 48/113/2000-2016/45203.csv was modified
23-09 00:04:26 __main__                     main() INFO     DO:DataFrame in file: 48/113/2000-2016/45204.csv will be modified
23-09 00:04:26 root          clean_datetime_site() INFO     Creating new DataFrame with only site, date filters and repeating the value
23-09 00:04:39 root              calc_daily_mean() INFO     Calculating daily mean and index by date
23-09 00:04:41 root                separate_site() INFO     Separating the sites into new columns
23-09 00:04:41 root              reindex_by_date() INFO     Reindexing by full date range
23-09 00:04:41 root                   calc_stats() INFO     Calculating statistcs about the columns
23-09 00:04:41 root                write_new_csv() INFO     Saving file into new folder
23-09 00:04:41 __main__                     main() INFO     DONE:DataFrame in file: 48/113/2000-2016/45204.csv was modified
23-09 00:04:42 __main__                     main() INFO     DO:DataFrame in file: 48/113/2000-2016/45207.csv will be modified
23-09 00:04:42 root          clean_datetime_site() INFO     Creating new DataFrame with only site, date filters and repeating the value
23-09 00:04:54 root              calc_daily_mean() INFO     Calculating daily mean and index by date
23-09 00:04:56 root                separate_site() INFO     Separating the sites into new columns
23-09 00:04:56 root              reindex_by_date() INFO     Reindexing by full date range
23-09 00:04:56 root                   calc_stats() INFO     Calculating statistcs about the columns
23-09 00:04:56 root                write_new_csv() INFO     Saving file into new folder
23-09 00:04:56 __main__                     main() INFO     DONE:DataFrame in file: 48/113/2000-2016/45207.csv was modified
23-09 00:04:58 __main__                     main() INFO     DO:DataFrame in file: 48/113/2000-2016/45208.csv will be modified
23-09 00:04:58 root          clean_datetime_site() INFO     Creating new DataFrame with only site, date filters and repeating the value
23-09 00:05:11 root              calc_daily_mean() INFO     Calculating daily mean and index by date
23-09 00:05:13 root                separate_site() INFO     Separating the sites into new columns
23-09 00:05:13 root              reindex_by_date() INFO     Reindexing by full date range
23-09 00:05:13 root                   calc_stats() INFO     Calculating statistcs about the columns
23-09 00:05:13 root                write_new_csv() INFO     Saving file into new folder
23-09 00:05:13 __main__                     main() INFO     DONE:DataFrame in file: 48/113/2000-2016/45208.csv was modified
23-09 00:05:15 __main__                     main() INFO     DO:DataFrame in file: 48/113/2000-2016/45220.csv will be modified
23-09 00:05:15 root          clean_datetime_site() INFO     Creating new DataFrame with only site, date filters and repeating the value
23-09 00:05:29 root              calc_daily_mean() INFO     Calculating daily mean and index by date
23-09 00:05:31 root                separate_site() INFO     Separating the sites into new columns
23-09 00:05:31 root              reindex_by_date() INFO     Reindexing by full date range
23-09 00:05:31 root                   calc_stats() INFO     Calculating statistcs about the columns
23-09 00:05:31 root                write_new_csv() INFO     Saving file into new folder
23-09 00:05:31 __main__                     main() INFO     DONE:DataFrame in file: 48/113/2000-2016/45220.csv was modified
23-09 00:05:31 __main__                     main() INFO     DO:DataFrame in file: 48/113/2000-2016/45801.csv will be modified
23-09 00:05:31 root          clean_datetime_site() INFO     Creating new DataFrame with only site, date filters and repeating the value
23-09 00:05:32 root              calc_daily_mean() INFO     Calculating daily mean and index by date
23-09 00:05:32 root                separate_site() INFO     Separating the sites into new columns
23-09 00:05:32 root              reindex_by_date() INFO     Reindexing by full date range
23-09 00:05:32 root                   calc_stats() INFO     Calculating statistcs about the columns
23-09 00:05:32 root                write_new_csv() INFO     Saving file into new folder
23-09 00:05:32 __main__                     main() INFO     DONE:DataFrame in file: 48/113/2000-2016/45801.csv was modified
23-09 00:05:43 __main__                     main() INFO     DO:DataFrame in file: 48/113/2000-2016/61103.csv will be modified
23-09 00:05:43 root          clean_datetime_site() INFO     Creating new DataFrame with only site, date filters and repeating the value
23-09 00:07:18 root              calc_daily_mean() INFO     Calculating daily mean and index by date
23-09 00:07:27 root                separate_site() INFO     Separating the sites into new columns
23-09 00:07:27 root              reindex_by_date() INFO     Reindexing by full date range
23-09 00:07:27 root                   calc_stats() INFO     Calculating statistcs about the columns
23-09 00:07:27 root                write_new_csv() INFO     Saving file into new folder
23-09 00:07:27 __main__                     main() INFO     DONE:DataFrame in file: 48/113/2000-2016/61103.csv was modified
23-09 00:07:40 __main__                     main() INFO     DO:DataFrame in file: 48/113/2000-2016/61104.csv will be modified
23-09 00:07:40 root          clean_datetime_site() INFO     Creating new DataFrame with only site, date filters and repeating the value
23-09 00:09:06 root              calc_daily_mean() INFO     Calculating daily mean and index by date
23-09 00:09:15 root                separate_site() INFO     Separating the sites into new columns
23-09 00:09:15 root              reindex_by_date() INFO     Reindexing by full date range
23-09 00:09:15 root                   calc_stats() INFO     Calculating statistcs about the columns
23-09 00:09:15 root                write_new_csv() INFO     Saving file into new folder
23-09 00:09:15 __main__                     main() INFO     DONE:DataFrame in file: 48/113/2000-2016/61104.csv was modified
23-09 00:09:17 __main__                     main() INFO     DO:DataFrame in file: 48/113/2000-2016/62201.csv will be modified
23-09 00:09:17 root          clean_datetime_site() INFO     Creating new DataFrame with only site, date filters and repeating the value
23-09 00:09:28 root              calc_daily_mean() INFO     Calculating daily mean and index by date
23-09 00:09:30 root                separate_site() INFO     Separating the sites into new columns
23-09 00:09:30 root              reindex_by_date() INFO     Reindexing by full date range
23-09 00:09:30 root                   calc_stats() INFO     Calculating statistcs about the columns
23-09 00:09:30 root                write_new_csv() INFO     Saving file into new folder
23-09 00:09:30 __main__                     main() INFO     DONE:DataFrame in file: 48/113/2000-2016/62201.csv was modified
23-09 00:09:37 __main__                     main() INFO     DO:DataFrame in file: 48/113/2000-2016/63301.csv will be modified
23-09 00:09:37 root          clean_datetime_site() INFO     Creating new DataFrame with only site, date filters and repeating the value
23-09 00:10:14 root              calc_daily_mean() INFO     Calculating daily mean and index by date
23-09 00:10:17 root                separate_site() INFO     Separating the sites into new columns
23-09 00:10:17 root              reindex_by_date() INFO     Reindexing by full date range
23-09 00:10:17 root                   calc_stats() INFO     Calculating statistcs about the columns
23-09 00:10:17 root                write_new_csv() INFO     Saving file into new folder
23-09 00:10:17 __main__                     main() INFO     DONE:DataFrame in file: 48/113/2000-2016/63301.csv was modified
23-09 00:10:18 __main__                     main() INFO     DO:DataFrame in file: 48/113/2000-2016/68105.csv will be modified
23-09 00:10:18 root          clean_datetime_site() INFO     Creating new DataFrame with only site, date filters and repeating the value
23-09 00:10:19 root              calc_daily_mean() INFO     Calculating daily mean and index by date
23-09 00:10:23 root                separate_site() INFO     Separating the sites into new columns
23-09 00:10:23 root              reindex_by_date() INFO     Reindexing by full date range
23-09 00:10:23 root                   calc_stats() INFO     Calculating statistcs about the columns
23-09 00:10:23 root                write_new_csv() INFO     Saving file into new folder
23-09 00:10:23 __main__                     main() INFO     DONE:DataFrame in file: 48/113/2000-2016/68105.csv was modified
23-09 00:10:23 __main__                     main() INFO     DO:DataFrame in file: 48/113/2000-2016/68108.csv will be modified
23-09 00:10:23 root          clean_datetime_site() INFO     Creating new DataFrame with only site, date filters and repeating the value
23-09 00:10:24 root              calc_daily_mean() INFO     Calculating daily mean and index by date
23-09 00:10:28 root                separate_site() INFO     Separating the sites into new columns
23-09 00:10:28 root              reindex_by_date() INFO     Reindexing by full date range
23-09 00:10:28 root                   calc_stats() INFO     Calculating statistcs about the columns
23-09 00:10:28 root                write_new_csv() INFO     Saving file into new folder
23-09 00:10:28 __main__                     main() INFO     DONE:DataFrame in file: 48/113/2000-2016/68108.csv was modified
23-09 00:10:28 __main__                     main() WARNING  DataFrame with file: 48/113/2000-2016/68110.csv is empty. Passing
23-09 00:10:29 __main__                     main() INFO     DO:DataFrame in file: 48/113/2000-2016/88101.csv will be modified
23-09 00:10:29 root          clean_datetime_site() INFO     Creating new DataFrame with only site, date filters and repeating the value
23-09 00:10:38 root              calc_daily_mean() INFO     Calculating daily mean and index by date
23-09 00:10:44 root                separate_site() INFO     Separating the sites into new columns
23-09 00:10:44 root              reindex_by_date() INFO     Reindexing by full date range
23-09 00:10:44 root                   calc_stats() INFO     Calculating statistcs about the columns
23-09 00:10:44 root                write_new_csv() INFO     Saving file into new folder
23-09 00:10:44 __main__                     main() INFO     DONE:DataFrame in file: 48/113/2000-2016/88101.csv was modified
23-09 00:10:44 root                         main() INFO     Finished MAIN
